{"level":"info","message":"morgan enabled...","timestamp":"2018-06-15T12:25:38.385Z"}
{"level":"info","message":"Application name: eCommerce - Development","timestamp":"2018-06-15T12:25:38.402Z"}
{"level":"info","message":"Server is listening at port: 3000","timestamp":"2018-06-15T12:25:38.407Z"}
{"level":"info","message":"connected to mongodb","timestamp":"2018-06-15T12:25:38.838Z"}
{"level":"info","message":"morgan enabled...","timestamp":"2018-06-15T12:28:17.692Z"}
{"level":"info","message":"Application name: eCommerce - Development","timestamp":"2018-06-15T12:28:17.705Z"}
{"level":"info","message":"Server is listening at port: 3000","timestamp":"2018-06-15T12:28:17.711Z"}
{"level":"info","message":"connected to mongodb","timestamp":"2018-06-15T12:28:17.772Z"}
{"level":"info","message":"morgan enabled...","timestamp":"2018-06-15T12:30:30.343Z"}
{"level":"info","message":"Application name: eCommerce - Development","timestamp":"2018-06-15T12:30:30.361Z"}
{"level":"info","message":"Server is listening at port: 3000","timestamp":"2018-06-15T12:30:30.370Z"}
{"level":"info","message":"connected to mongodb","timestamp":"2018-06-15T12:30:30.506Z"}
{"level":"info","message":"morgan enabled...","timestamp":"2018-06-15T12:31:57.819Z"}
{"level":"info","message":"Application name: eCommerce - Development","timestamp":"2018-06-15T12:31:57.837Z"}
{"level":"info","message":"Server is listening at port: 3000","timestamp":"2018-06-15T12:31:57.842Z"}
{"level":"info","message":"connected to mongodb","timestamp":"2018-06-15T12:31:57.901Z"}
{"level":"info","message":"morgan enabled...","timestamp":"2018-06-15T12:43:46.039Z"}
{"level":"info","message":"Application name: eCommerce - Development","timestamp":"2018-06-15T12:43:46.059Z"}
{"level":"info","message":"Server is listening at port: 3000","timestamp":"2018-06-15T12:43:46.067Z"}
{"level":"info","message":"connected to mongodb","timestamp":"2018-06-15T12:43:46.148Z"}
{"level":"info","message":"morgan enabled...","timestamp":"2018-06-15T13:00:37.244Z"}
{"level":"info","message":"Application name: eCommerce - Development","timestamp":"2018-06-15T13:00:37.265Z"}
{"level":"info","message":"Server is listening at port: 3000","timestamp":"2018-06-15T13:00:37.273Z"}
{"level":"info","message":"connected to mongodb","timestamp":"2018-06-15T13:00:37.345Z"}
{"level":"info","message":"morgan enabled...","timestamp":"2018-06-15T19:00:30.366Z"}
{"level":"info","message":"Application name: eCommerce - Development","timestamp":"2018-06-15T19:00:30.388Z"}
{"level":"info","message":"Server is listening at port: 3000","timestamp":"2018-06-15T19:00:30.395Z"}
{"level":"info","message":"connected to mongodb","timestamp":"2018-06-15T19:00:30.482Z"}
{"level":"info","message":"morgan enabled...","timestamp":"2018-06-15T19:52:08.995Z"}
{"level":"info","message":"Application name: eCommerce - Development","timestamp":"2018-06-15T19:52:09.012Z"}
{"level":"info","message":"Server is listening at port: 3000","timestamp":"2018-06-15T19:52:09.019Z"}
{"level":"info","message":"connected to mongodb","timestamp":"2018-06-15T19:52:09.154Z"}
{"level":"info","message":"morgan enabled...","timestamp":"2018-06-16T05:29:29.530Z"}
{"level":"info","message":"Application name: eCommerce - Development","timestamp":"2018-06-16T05:29:29.548Z"}
{"level":"info","message":"Server is listening at port: 3000","timestamp":"2018-06-16T05:29:29.555Z"}
{"level":"info","message":"connected to mongodb","timestamp":"2018-06-16T05:29:29.621Z"}
{"level":"info","message":"morgan enabled...","timestamp":"2018-06-16T06:14:16.432Z"}
{"level":"info","message":"Application name: eCommerce - Development","timestamp":"2018-06-16T06:14:16.451Z"}
{"level":"info","message":"Server is listening at port: 3000","timestamp":"2018-06-16T06:14:16.457Z"}
{"level":"info","message":"connected to mongodb","timestamp":"2018-06-16T06:14:16.529Z"}
{"level":"info","message":"morgan enabled...","timestamp":"2018-06-16T13:13:41.672Z"}
{"level":"info","message":"Application name: eCommerce - Development","timestamp":"2018-06-16T13:13:41.691Z"}
{"level":"info","message":"Server is listening at port: 3000","timestamp":"2018-06-16T13:13:41.700Z"}
{"level":"info","message":"connected to mongodb","timestamp":"2018-06-16T13:13:41.763Z"}
{"level":"info","message":"morgan enabled...","timestamp":"2018-06-16T15:09:45.930Z"}
{"level":"info","message":"Application name: eCommerce - Development","timestamp":"2018-06-16T15:09:45.946Z"}
{"level":"info","message":"Server is listening at port: 3000","timestamp":"2018-06-16T15:09:45.952Z"}
{"level":"info","message":"connected to mongodb","timestamp":"2018-06-16T15:09:48.912Z"}
{"level":"info","message":"morgan enabled...","timestamp":"2018-06-16T15:11:26.793Z"}
{"level":"info","message":"Application name: eCommerce - Development","timestamp":"2018-06-16T15:11:26.818Z"}
{"level":"info","message":"Server is listening at port: 3000","timestamp":"2018-06-16T15:11:26.826Z"}
{"level":"info","message":"connected to mongodb","timestamp":"2018-06-16T15:11:27.057Z"}
{"level":"info","message":"morgan enabled...","timestamp":"2018-06-16T15:14:19.634Z"}
{"level":"info","message":"morgan enabled...","timestamp":"2018-06-16T15:14:21.619Z"}
{"level":"info","message":"morgan enabled...","timestamp":"2018-06-16T15:14:28.003Z"}
{"level":"info","message":"Application name: eCommerce - Development","timestamp":"2018-06-16T15:14:28.034Z"}
{"level":"info","message":"Server is listening at port: 3000","timestamp":"2018-06-16T15:14:28.039Z"}
{"level":"info","message":"connected to mongodb","timestamp":"2018-06-16T15:14:28.343Z"}
{"level":"info","message":"morgan enabled...","timestamp":"2018-06-16T18:13:29.289Z"}
{"level":"info","message":"Application name: eCommerce - Development","timestamp":"2018-06-16T18:13:29.306Z"}
{"level":"info","message":"Server is listening at port: 3000","timestamp":"2018-06-16T18:13:29.316Z"}
{"level":"info","message":"connected to mongodb","timestamp":"2018-06-16T18:13:29.791Z"}
{"level":"info","message":"morgan enabled...","timestamp":"2018-06-17T18:12:55.543Z"}
{"level":"info","message":"Application name: eCommerce - Development","timestamp":"2018-06-17T18:12:55.561Z"}
{"level":"info","message":"Server is listening at port: 3000","timestamp":"2018-06-17T18:12:55.568Z"}
{"level":"info","message":"connected to mongodb","timestamp":"2018-06-17T18:12:55.630Z"}
{"message":"Unexpected field","stack":"Error: Unexpected field\n    at makeError (/home/umesh/eComm/node_modules/multer/lib/make-error.js:12:13)\n    at wrappedFileFilter (/home/umesh/eComm/node_modules/multer/index.js:40:19)\n    at Busboy.<anonymous> (/home/umesh/eComm/node_modules/multer/lib/make-middleware.js:114:7)\n    at Busboy.emit (events.js:182:13)\n    at Busboy.emit (/home/umesh/eComm/node_modules/busboy/lib/main.js:38:33)\n    at PartStream.<anonymous> (/home/umesh/eComm/node_modules/busboy/lib/types/multipart.js:213:13)\n    at PartStream.emit (events.js:182:13)\n    at HeaderParser.<anonymous> (/home/umesh/eComm/node_modules/dicer/lib/Dicer.js:51:16)\n    at HeaderParser.emit (events.js:182:13)\n    at HeaderParser._finish (/home/umesh/eComm/node_modules/dicer/lib/HeaderParser.js:68:8)\n    at SBMH.<anonymous> (/home/umesh/eComm/node_modules/dicer/lib/HeaderParser.js:40:12)\n    at SBMH.emit (events.js:182:13)\n    at SBMH._sbmh_feed (/home/umesh/eComm/node_modules/streamsearch/lib/sbmh.js:159:14)\n    at SBMH.push (/home/umesh/eComm/node_modules/streamsearch/lib/sbmh.js:56:14)\n    at HeaderParser.push (/home/umesh/eComm/node_modules/dicer/lib/HeaderParser.js:46:19)\n    at Dicer._oninfo (/home/umesh/eComm/node_modules/dicer/lib/Dicer.js:197:25)","code":"LIMIT_UNEXPECTED_FILE","field":"productPhoto","storageErrors":[],"level":"error","timestamp":"2018-06-17T18:25:32.289Z"}
{"level":"info","message":"morgan enabled...","timestamp":"2018-06-17T18:34:08.680Z"}
{"level":"info","message":"Application name: eCommerce - Development","timestamp":"2018-06-17T18:34:08.701Z"}
{"level":"info","message":"Server is listening at port: 3000","timestamp":"2018-06-17T18:34:08.708Z"}
{"level":"info","message":"connected to mongodb","timestamp":"2018-06-17T18:34:08.780Z"}
{"message":"Unexpected field","stack":"Error: Unexpected field\n    at makeError (/home/umesh/eComm/node_modules/multer/lib/make-error.js:12:13)\n    at wrappedFileFilter (/home/umesh/eComm/node_modules/multer/index.js:40:19)\n    at Busboy.<anonymous> (/home/umesh/eComm/node_modules/multer/lib/make-middleware.js:114:7)\n    at Busboy.emit (events.js:182:13)\n    at Busboy.emit (/home/umesh/eComm/node_modules/busboy/lib/main.js:38:33)\n    at PartStream.<anonymous> (/home/umesh/eComm/node_modules/busboy/lib/types/multipart.js:213:13)\n    at PartStream.emit (events.js:182:13)\n    at HeaderParser.<anonymous> (/home/umesh/eComm/node_modules/dicer/lib/Dicer.js:51:16)\n    at HeaderParser.emit (events.js:182:13)\n    at HeaderParser._finish (/home/umesh/eComm/node_modules/dicer/lib/HeaderParser.js:68:8)\n    at SBMH.<anonymous> (/home/umesh/eComm/node_modules/dicer/lib/HeaderParser.js:40:12)\n    at SBMH.emit (events.js:182:13)\n    at SBMH._sbmh_feed (/home/umesh/eComm/node_modules/streamsearch/lib/sbmh.js:159:14)\n    at SBMH.push (/home/umesh/eComm/node_modules/streamsearch/lib/sbmh.js:56:14)\n    at HeaderParser.push (/home/umesh/eComm/node_modules/dicer/lib/HeaderParser.js:46:19)\n    at Dicer._oninfo (/home/umesh/eComm/node_modules/dicer/lib/Dicer.js:197:25)","code":"LIMIT_UNEXPECTED_FILE","field":"productPhoto","storageErrors":[],"level":"error","timestamp":"2018-06-17T18:35:30.545Z"}
{"message":"Unexpected field","stack":"Error: Unexpected field\n    at makeError (/home/umesh/eComm/node_modules/multer/lib/make-error.js:12:13)\n    at wrappedFileFilter (/home/umesh/eComm/node_modules/multer/index.js:40:19)\n    at Busboy.<anonymous> (/home/umesh/eComm/node_modules/multer/lib/make-middleware.js:114:7)\n    at Busboy.emit (events.js:182:13)\n    at Busboy.emit (/home/umesh/eComm/node_modules/busboy/lib/main.js:38:33)\n    at PartStream.<anonymous> (/home/umesh/eComm/node_modules/busboy/lib/types/multipart.js:213:13)\n    at PartStream.emit (events.js:182:13)\n    at HeaderParser.<anonymous> (/home/umesh/eComm/node_modules/dicer/lib/Dicer.js:51:16)\n    at HeaderParser.emit (events.js:182:13)\n    at HeaderParser._finish (/home/umesh/eComm/node_modules/dicer/lib/HeaderParser.js:68:8)\n    at SBMH.<anonymous> (/home/umesh/eComm/node_modules/dicer/lib/HeaderParser.js:40:12)\n    at SBMH.emit (events.js:182:13)\n    at SBMH._sbmh_feed (/home/umesh/eComm/node_modules/streamsearch/lib/sbmh.js:159:14)\n    at SBMH.push (/home/umesh/eComm/node_modules/streamsearch/lib/sbmh.js:56:14)\n    at HeaderParser.push (/home/umesh/eComm/node_modules/dicer/lib/HeaderParser.js:46:19)\n    at Dicer._oninfo (/home/umesh/eComm/node_modules/dicer/lib/Dicer.js:197:25)","code":"LIMIT_UNEXPECTED_FILE","field":"productPhoto","storageErrors":[],"level":"error","timestamp":"2018-06-17T18:43:30.452Z"}
{"level":"info","message":"morgan enabled...","timestamp":"2018-06-17T18:45:18.805Z"}
{"level":"info","message":"Application name: eCommerce - Development","timestamp":"2018-06-17T18:45:18.825Z"}
{"level":"info","message":"Server is listening at port: 3000","timestamp":"2018-06-17T18:45:18.833Z"}
{"level":"info","message":"connected to mongodb","timestamp":"2018-06-17T18:45:18.909Z"}
{"message":"something goes wrong","stack":"Error: something goes wrong\n    at fileFilter (/home/umesh/eComm/api/router/product.router.js:26:12)\n    at wrappedFileFilter (/home/umesh/eComm/node_modules/multer/index.js:44:7)\n    at Busboy.<anonymous> (/home/umesh/eComm/node_modules/multer/lib/make-middleware.js:114:7)\n    at Busboy.emit (events.js:182:13)\n    at Busboy.emit (/home/umesh/eComm/node_modules/busboy/lib/main.js:38:33)\n    at PartStream.<anonymous> (/home/umesh/eComm/node_modules/busboy/lib/types/multipart.js:213:13)\n    at PartStream.emit (events.js:182:13)\n    at HeaderParser.<anonymous> (/home/umesh/eComm/node_modules/dicer/lib/Dicer.js:51:16)\n    at HeaderParser.emit (events.js:182:13)\n    at HeaderParser._finish (/home/umesh/eComm/node_modules/dicer/lib/HeaderParser.js:68:8)\n    at SBMH.<anonymous> (/home/umesh/eComm/node_modules/dicer/lib/HeaderParser.js:40:12)\n    at SBMH.emit (events.js:182:13)\n    at SBMH._sbmh_feed (/home/umesh/eComm/node_modules/streamsearch/lib/sbmh.js:159:14)\n    at SBMH.push (/home/umesh/eComm/node_modules/streamsearch/lib/sbmh.js:56:14)\n    at HeaderParser.push (/home/umesh/eComm/node_modules/dicer/lib/HeaderParser.js:46:19)\n    at Dicer._oninfo (/home/umesh/eComm/node_modules/dicer/lib/Dicer.js:197:25)","storageErrors":[],"level":"error","timestamp":"2018-06-17T18:45:24.960Z"}
{"level":"info","message":"morgan enabled...","timestamp":"2018-06-17T18:54:14.767Z"}
{"level":"info","message":"Application name: eCommerce - Development","timestamp":"2018-06-17T18:54:14.782Z"}
{"level":"info","message":"Server is listening at port: 3000","timestamp":"2018-06-17T18:54:14.787Z"}
{"level":"info","message":"connected to mongodb","timestamp":"2018-06-17T18:54:14.875Z"}
{"message":"something goes wrong","stack":"Error: something goes wrong\n    at fileFilter (/home/umesh/eComm/api/router/product.router.js:26:12)\n    at wrappedFileFilter (/home/umesh/eComm/node_modules/multer/index.js:44:7)\n    at Busboy.<anonymous> (/home/umesh/eComm/node_modules/multer/lib/make-middleware.js:114:7)\n    at Busboy.emit (events.js:182:13)\n    at Busboy.emit (/home/umesh/eComm/node_modules/busboy/lib/main.js:38:33)\n    at PartStream.<anonymous> (/home/umesh/eComm/node_modules/busboy/lib/types/multipart.js:213:13)\n    at PartStream.emit (events.js:182:13)\n    at HeaderParser.<anonymous> (/home/umesh/eComm/node_modules/dicer/lib/Dicer.js:51:16)\n    at HeaderParser.emit (events.js:182:13)\n    at HeaderParser._finish (/home/umesh/eComm/node_modules/dicer/lib/HeaderParser.js:68:8)\n    at SBMH.<anonymous> (/home/umesh/eComm/node_modules/dicer/lib/HeaderParser.js:40:12)\n    at SBMH.emit (events.js:182:13)\n    at SBMH._sbmh_feed (/home/umesh/eComm/node_modules/streamsearch/lib/sbmh.js:159:14)\n    at SBMH.push (/home/umesh/eComm/node_modules/streamsearch/lib/sbmh.js:56:14)\n    at HeaderParser.push (/home/umesh/eComm/node_modules/dicer/lib/HeaderParser.js:46:19)\n    at Dicer._oninfo (/home/umesh/eComm/node_modules/dicer/lib/Dicer.js:197:25)","storageErrors":[],"level":"error","timestamp":"2018-06-17T18:55:44.339Z"}
{"message":"something goes wrong","stack":"Error: something goes wrong\n    at fileFilter (/home/umesh/eComm/api/router/product.router.js:26:12)\n    at wrappedFileFilter (/home/umesh/eComm/node_modules/multer/index.js:44:7)\n    at Busboy.<anonymous> (/home/umesh/eComm/node_modules/multer/lib/make-middleware.js:114:7)\n    at Busboy.emit (events.js:182:13)\n    at Busboy.emit (/home/umesh/eComm/node_modules/busboy/lib/main.js:38:33)\n    at PartStream.<anonymous> (/home/umesh/eComm/node_modules/busboy/lib/types/multipart.js:213:13)\n    at PartStream.emit (events.js:182:13)\n    at HeaderParser.<anonymous> (/home/umesh/eComm/node_modules/dicer/lib/Dicer.js:51:16)\n    at HeaderParser.emit (events.js:182:13)\n    at HeaderParser._finish (/home/umesh/eComm/node_modules/dicer/lib/HeaderParser.js:68:8)\n    at SBMH.<anonymous> (/home/umesh/eComm/node_modules/dicer/lib/HeaderParser.js:40:12)\n    at SBMH.emit (events.js:182:13)\n    at SBMH._sbmh_feed (/home/umesh/eComm/node_modules/streamsearch/lib/sbmh.js:159:14)\n    at SBMH.push (/home/umesh/eComm/node_modules/streamsearch/lib/sbmh.js:56:14)\n    at HeaderParser.push (/home/umesh/eComm/node_modules/dicer/lib/HeaderParser.js:46:19)\n    at Dicer._oninfo (/home/umesh/eComm/node_modules/dicer/lib/Dicer.js:197:25)","storageErrors":[],"level":"error","timestamp":"2018-06-17T18:55:47.904Z"}
{"message":"something goes wrong","stack":"Error: something goes wrong\n    at fileFilter (/home/umesh/eComm/api/router/product.router.js:26:12)\n    at wrappedFileFilter (/home/umesh/eComm/node_modules/multer/index.js:44:7)\n    at Busboy.<anonymous> (/home/umesh/eComm/node_modules/multer/lib/make-middleware.js:114:7)\n    at Busboy.emit (events.js:182:13)\n    at Busboy.emit (/home/umesh/eComm/node_modules/busboy/lib/main.js:38:33)\n    at PartStream.<anonymous> (/home/umesh/eComm/node_modules/busboy/lib/types/multipart.js:213:13)\n    at PartStream.emit (events.js:182:13)\n    at HeaderParser.<anonymous> (/home/umesh/eComm/node_modules/dicer/lib/Dicer.js:51:16)\n    at HeaderParser.emit (events.js:182:13)\n    at HeaderParser._finish (/home/umesh/eComm/node_modules/dicer/lib/HeaderParser.js:68:8)\n    at SBMH.<anonymous> (/home/umesh/eComm/node_modules/dicer/lib/HeaderParser.js:40:12)\n    at SBMH.emit (events.js:182:13)\n    at SBMH._sbmh_feed (/home/umesh/eComm/node_modules/streamsearch/lib/sbmh.js:159:14)\n    at SBMH.push (/home/umesh/eComm/node_modules/streamsearch/lib/sbmh.js:56:14)\n    at HeaderParser.push (/home/umesh/eComm/node_modules/dicer/lib/HeaderParser.js:46:19)\n    at Dicer._oninfo (/home/umesh/eComm/node_modules/dicer/lib/Dicer.js:197:25)","storageErrors":[],"level":"error","timestamp":"2018-06-17T18:55:49.022Z"}
{"message":"something goes wrong","stack":"Error: something goes wrong\n    at fileFilter (/home/umesh/eComm/api/router/product.router.js:26:12)\n    at wrappedFileFilter (/home/umesh/eComm/node_modules/multer/index.js:44:7)\n    at Busboy.<anonymous> (/home/umesh/eComm/node_modules/multer/lib/make-middleware.js:114:7)\n    at Busboy.emit (events.js:182:13)\n    at Busboy.emit (/home/umesh/eComm/node_modules/busboy/lib/main.js:38:33)\n    at PartStream.<anonymous> (/home/umesh/eComm/node_modules/busboy/lib/types/multipart.js:213:13)\n    at PartStream.emit (events.js:182:13)\n    at HeaderParser.<anonymous> (/home/umesh/eComm/node_modules/dicer/lib/Dicer.js:51:16)\n    at HeaderParser.emit (events.js:182:13)\n    at HeaderParser._finish (/home/umesh/eComm/node_modules/dicer/lib/HeaderParser.js:68:8)\n    at SBMH.<anonymous> (/home/umesh/eComm/node_modules/dicer/lib/HeaderParser.js:40:12)\n    at SBMH.emit (events.js:182:13)\n    at SBMH._sbmh_feed (/home/umesh/eComm/node_modules/streamsearch/lib/sbmh.js:159:14)\n    at SBMH.push (/home/umesh/eComm/node_modules/streamsearch/lib/sbmh.js:56:14)\n    at HeaderParser.push (/home/umesh/eComm/node_modules/dicer/lib/HeaderParser.js:46:19)\n    at Dicer._oninfo (/home/umesh/eComm/node_modules/dicer/lib/Dicer.js:197:25)","storageErrors":[],"level":"error","timestamp":"2018-06-17T18:55:49.727Z"}
{"message":"something goes wrong","stack":"Error: something goes wrong\n    at fileFilter (/home/umesh/eComm/api/router/product.router.js:26:12)\n    at wrappedFileFilter (/home/umesh/eComm/node_modules/multer/index.js:44:7)\n    at Busboy.<anonymous> (/home/umesh/eComm/node_modules/multer/lib/make-middleware.js:114:7)\n    at Busboy.emit (events.js:182:13)\n    at Busboy.emit (/home/umesh/eComm/node_modules/busboy/lib/main.js:38:33)\n    at PartStream.<anonymous> (/home/umesh/eComm/node_modules/busboy/lib/types/multipart.js:213:13)\n    at PartStream.emit (events.js:182:13)\n    at HeaderParser.<anonymous> (/home/umesh/eComm/node_modules/dicer/lib/Dicer.js:51:16)\n    at HeaderParser.emit (events.js:182:13)\n    at HeaderParser._finish (/home/umesh/eComm/node_modules/dicer/lib/HeaderParser.js:68:8)\n    at SBMH.<anonymous> (/home/umesh/eComm/node_modules/dicer/lib/HeaderParser.js:40:12)\n    at SBMH.emit (events.js:182:13)\n    at SBMH._sbmh_feed (/home/umesh/eComm/node_modules/streamsearch/lib/sbmh.js:159:14)\n    at SBMH.push (/home/umesh/eComm/node_modules/streamsearch/lib/sbmh.js:56:14)\n    at HeaderParser.push (/home/umesh/eComm/node_modules/dicer/lib/HeaderParser.js:46:19)\n    at Dicer._oninfo (/home/umesh/eComm/node_modules/dicer/lib/Dicer.js:197:25)","storageErrors":[],"level":"error","timestamp":"2018-06-17T18:55:50.342Z"}
{"level":"info","message":"morgan enabled...","timestamp":"2018-06-17T18:57:24.828Z"}
{"level":"info","message":"Application name: eCommerce - Development","timestamp":"2018-06-17T18:57:24.847Z"}
{"level":"info","message":"Server is listening at port: 3000","timestamp":"2018-06-17T18:57:24.856Z"}
{"level":"info","message":"connected to mongodb","timestamp":"2018-06-17T18:57:24.937Z"}
{"level":"info","message":"morgan enabled...","timestamp":"2018-06-17T18:58:14.827Z"}
{"level":"info","message":"Application name: eCommerce - Development","timestamp":"2018-06-17T18:58:14.845Z"}
{"level":"info","message":"Server is listening at port: 3000","timestamp":"2018-06-17T18:58:14.851Z"}
{"level":"info","message":"connected to mongodb","timestamp":"2018-06-17T18:58:14.931Z"}
{"level":"info","message":"morgan enabled...","timestamp":"2018-06-17T19:01:59.468Z"}
{"level":"info","message":"Application name: eCommerce - Development","timestamp":"2018-06-17T19:01:59.484Z"}
{"level":"info","message":"Server is listening at port: 3000","timestamp":"2018-06-17T19:01:59.492Z"}
{"level":"info","message":"connected to mongodb","timestamp":"2018-06-17T19:01:59.559Z"}
{"level":"info","message":"morgan enabled...","timestamp":"2018-06-17T19:02:06.922Z"}
{"level":"info","message":"Application name: eCommerce - Development","timestamp":"2018-06-17T19:02:06.945Z"}
{"level":"info","message":"Server is listening at port: 3000","timestamp":"2018-06-17T19:02:06.952Z"}
{"level":"info","message":"connected to mongodb","timestamp":"2018-06-17T19:02:07.044Z"}
{"level":"info","message":"morgan enabled...","timestamp":"2018-06-17T19:02:16.630Z"}
{"level":"info","message":"Application name: eCommerce - Development","timestamp":"2018-06-17T19:02:16.647Z"}
{"level":"info","message":"Server is listening at port: 3000","timestamp":"2018-06-17T19:02:16.653Z"}
{"level":"info","message":"connected to mongodb","timestamp":"2018-06-17T19:02:16.729Z"}
{"level":"info","message":"morgan enabled...","timestamp":"2018-06-17T19:02:22.237Z"}
{"level":"info","message":"Application name: eCommerce - Development","timestamp":"2018-06-17T19:02:22.253Z"}
{"level":"info","message":"Server is listening at port: 3000","timestamp":"2018-06-17T19:02:22.261Z"}
{"level":"info","message":"connected to mongodb","timestamp":"2018-06-17T19:02:22.331Z"}
{"level":"info","message":"morgan enabled...","timestamp":"2018-06-17T19:04:47.163Z"}
{"level":"info","message":"Application name: eCommerce - Development","timestamp":"2018-06-17T19:04:47.184Z"}
{"level":"info","message":"Server is listening at port: 3000","timestamp":"2018-06-17T19:04:47.194Z"}
{"level":"info","message":"connected to mongodb","timestamp":"2018-06-17T19:04:47.279Z"}
{"level":"info","message":"morgan enabled...","timestamp":"2018-06-17T19:09:13.444Z"}
{"level":"info","message":"Application name: eCommerce - Development","timestamp":"2018-06-17T19:09:13.464Z"}
{"level":"info","message":"Server is listening at port: 3000","timestamp":"2018-06-17T19:09:13.472Z"}
{"level":"info","message":"connected to mongodb","timestamp":"2018-06-17T19:09:13.563Z"}
{"message":"something goes wrong","stack":"Error: something goes wrong\n    at fileFilter (/home/umesh/eComm/api/router/product.router.js:26:12)\n    at wrappedFileFilter (/home/umesh/eComm/node_modules/multer/index.js:44:7)\n    at Busboy.<anonymous> (/home/umesh/eComm/node_modules/multer/lib/make-middleware.js:114:7)\n    at Busboy.emit (events.js:182:13)\n    at Busboy.emit (/home/umesh/eComm/node_modules/busboy/lib/main.js:38:33)\n    at PartStream.<anonymous> (/home/umesh/eComm/node_modules/busboy/lib/types/multipart.js:213:13)\n    at PartStream.emit (events.js:182:13)\n    at HeaderParser.<anonymous> (/home/umesh/eComm/node_modules/dicer/lib/Dicer.js:51:16)\n    at HeaderParser.emit (events.js:182:13)\n    at HeaderParser._finish (/home/umesh/eComm/node_modules/dicer/lib/HeaderParser.js:68:8)\n    at SBMH.<anonymous> (/home/umesh/eComm/node_modules/dicer/lib/HeaderParser.js:40:12)\n    at SBMH.emit (events.js:182:13)\n    at SBMH._sbmh_feed (/home/umesh/eComm/node_modules/streamsearch/lib/sbmh.js:159:14)\n    at SBMH.push (/home/umesh/eComm/node_modules/streamsearch/lib/sbmh.js:56:14)\n    at HeaderParser.push (/home/umesh/eComm/node_modules/dicer/lib/HeaderParser.js:46:19)\n    at Dicer._oninfo (/home/umesh/eComm/node_modules/dicer/lib/Dicer.js:197:25)","storageErrors":[],"level":"error","timestamp":"2018-06-17T19:09:45.598Z"}
{"level":"info","message":"morgan enabled...","timestamp":"2018-06-17T19:10:09.187Z"}
{"level":"info","message":"Application name: eCommerce - Development","timestamp":"2018-06-17T19:10:09.208Z"}
{"level":"info","message":"Server is listening at port: 3000","timestamp":"2018-06-17T19:10:09.216Z"}
{"level":"info","message":"connected to mongodb","timestamp":"2018-06-17T19:10:09.311Z"}
{"level":"info","message":"morgan enabled...","timestamp":"2018-06-17T19:11:32.370Z"}
{"level":"info","message":"Application name: eCommerce - Development","timestamp":"2018-06-17T19:11:32.389Z"}
{"level":"info","message":"Server is listening at port: 3000","timestamp":"2018-06-17T19:11:32.398Z"}
{"level":"info","message":"connected to mongodb","timestamp":"2018-06-17T19:11:32.495Z"}
{"level":"info","message":"morgan enabled...","timestamp":"2018-06-17T19:14:00.289Z"}
{"level":"info","message":"Application name: eCommerce - Development","timestamp":"2018-06-17T19:14:00.307Z"}
{"level":"info","message":"Server is listening at port: 3000","timestamp":"2018-06-17T19:14:00.314Z"}
{"level":"info","message":"connected to mongodb","timestamp":"2018-06-17T19:14:00.407Z"}
{"level":"info","message":"morgan enabled...","timestamp":"2018-06-17T19:17:20.885Z"}
{"level":"info","message":"Application name: eCommerce - Development","timestamp":"2018-06-17T19:17:20.909Z"}
{"level":"info","message":"Server is listening at port: 3000","timestamp":"2018-06-17T19:17:20.918Z"}
{"level":"info","message":"connected to mongodb","timestamp":"2018-06-17T19:17:21.010Z"}
{"level":"info","message":"morgan enabled...","timestamp":"2018-06-17T19:25:25.676Z"}
{"level":"info","message":"Application name: eCommerce - Development","timestamp":"2018-06-17T19:25:25.696Z"}
{"level":"info","message":"Server is listening at port: 3000","timestamp":"2018-06-17T19:25:25.704Z"}
{"level":"info","message":"connected to mongodb","timestamp":"2018-06-17T19:25:25.800Z"}
{"message":"something goes wrong","stack":"Error: something goes wrong\n    at fileFilter (/home/umesh/eComm/api/router/product.router.js:26:12)\n    at wrappedFileFilter (/home/umesh/eComm/node_modules/multer/index.js:44:7)\n    at Busboy.<anonymous> (/home/umesh/eComm/node_modules/multer/lib/make-middleware.js:114:7)\n    at Busboy.emit (events.js:182:13)\n    at Busboy.emit (/home/umesh/eComm/node_modules/busboy/lib/main.js:38:33)\n    at PartStream.<anonymous> (/home/umesh/eComm/node_modules/busboy/lib/types/multipart.js:213:13)\n    at PartStream.emit (events.js:182:13)\n    at HeaderParser.<anonymous> (/home/umesh/eComm/node_modules/dicer/lib/Dicer.js:51:16)\n    at HeaderParser.emit (events.js:182:13)\n    at HeaderParser._finish (/home/umesh/eComm/node_modules/dicer/lib/HeaderParser.js:68:8)\n    at SBMH.<anonymous> (/home/umesh/eComm/node_modules/dicer/lib/HeaderParser.js:40:12)\n    at SBMH.emit (events.js:182:13)\n    at SBMH._sbmh_feed (/home/umesh/eComm/node_modules/streamsearch/lib/sbmh.js:159:14)\n    at SBMH.push (/home/umesh/eComm/node_modules/streamsearch/lib/sbmh.js:56:14)\n    at HeaderParser.push (/home/umesh/eComm/node_modules/dicer/lib/HeaderParser.js:46:19)\n    at Dicer._oninfo (/home/umesh/eComm/node_modules/dicer/lib/Dicer.js:197:25)","storageErrors":[],"level":"error","timestamp":"2018-06-17T19:25:37.362Z"}
{"level":"info","message":"morgan enabled...","timestamp":"2018-06-17T19:26:07.662Z"}
{"level":"info","message":"Application name: eCommerce - Development","timestamp":"2018-06-17T19:26:07.679Z"}
{"level":"info","message":"Server is listening at port: 3000","timestamp":"2018-06-17T19:26:07.685Z"}
{"level":"info","message":"connected to mongodb","timestamp":"2018-06-17T19:26:07.790Z"}
{"level":"info","message":"morgan enabled...","timestamp":"2018-06-17T19:28:19.488Z"}
{"level":"info","message":"Application name: eCommerce - Development","timestamp":"2018-06-17T19:28:19.503Z"}
{"level":"info","message":"Server is listening at port: 3000","timestamp":"2018-06-17T19:28:19.508Z"}
{"level":"info","message":"connected to mongodb","timestamp":"2018-06-17T19:28:19.593Z"}
{"level":"info","message":"morgan enabled...","timestamp":"2018-06-17T19:28:29.222Z"}
{"level":"info","message":"Application name: eCommerce - Development","timestamp":"2018-06-17T19:28:29.237Z"}
{"level":"info","message":"Server is listening at port: 3000","timestamp":"2018-06-17T19:28:29.242Z"}
{"level":"info","message":"connected to mongodb","timestamp":"2018-06-17T19:28:29.331Z"}
{"message":"Cannot read property 'path' of undefined","stack":"TypeError: Cannot read property 'path' of undefined\n    at exports.addProduct (/home/umesh/eComm/api/model/product.model.js:36:32)\n    at newFn (/home/umesh/eComm/node_modules/express-async-errors/index.js:25:20)\n    at Layer.handle [as handle_request] (/home/umesh/eComm/node_modules/express/lib/router/layer.js:95:5)\n    at next (/home/umesh/eComm/node_modules/express/lib/router/route.js:137:13)\n    at Immediate.<anonymous> (/home/umesh/eComm/node_modules/multer/lib/make-middleware.js:53:37)\n    at runCallback (timers.js:697:11)\n    at tryOnImmediate (timers.js:667:5)\n    at processImmediate (timers.js:649:5)","level":"error","timestamp":"2018-06-17T19:28:36.189Z"}
{"message":"Cannot read property 'path' of undefined","stack":"TypeError: Cannot read property 'path' of undefined\n    at exports.addProduct (/home/umesh/eComm/api/model/product.model.js:36:32)\n    at newFn (/home/umesh/eComm/node_modules/express-async-errors/index.js:25:20)\n    at Layer.handle [as handle_request] (/home/umesh/eComm/node_modules/express/lib/router/layer.js:95:5)\n    at next (/home/umesh/eComm/node_modules/express/lib/router/route.js:137:13)\n    at Immediate.<anonymous> (/home/umesh/eComm/node_modules/multer/lib/make-middleware.js:53:37)\n    at runCallback (timers.js:697:11)\n    at tryOnImmediate (timers.js:667:5)\n    at processImmediate (timers.js:649:5)","level":"error","timestamp":"2018-06-17T19:29:21.286Z"}
{"level":"info","message":"morgan enabled...","timestamp":"2018-06-17T19:30:44.631Z"}
{"level":"info","message":"Application name: eCommerce - Development","timestamp":"2018-06-17T19:30:44.646Z"}
{"level":"info","message":"Server is listening at port: 3000","timestamp":"2018-06-17T19:30:44.651Z"}
{"level":"info","message":"connected to mongodb","timestamp":"2018-06-17T19:30:44.742Z"}
{"message":"Cannot read property 'path' of undefined","stack":"TypeError: Cannot read property 'path' of undefined\n    at exports.addProduct (/home/umesh/eComm/api/model/product.model.js:36:32)\n    at newFn (/home/umesh/eComm/node_modules/express-async-errors/index.js:25:20)\n    at Layer.handle [as handle_request] (/home/umesh/eComm/node_modules/express/lib/router/layer.js:95:5)\n    at next (/home/umesh/eComm/node_modules/express/lib/router/route.js:137:13)\n    at Immediate.<anonymous> (/home/umesh/eComm/node_modules/multer/lib/make-middleware.js:53:37)\n    at runCallback (timers.js:697:11)\n    at tryOnImmediate (timers.js:667:5)\n    at processImmediate (timers.js:649:5)","level":"error","timestamp":"2018-06-17T19:30:49.599Z"}
{"level":"info","message":"morgan enabled...","timestamp":"2018-06-17T19:34:12.240Z"}
{"level":"info","message":"Application name: eCommerce - Development","timestamp":"2018-06-17T19:34:12.256Z"}
{"level":"info","message":"Server is listening at port: 3000","timestamp":"2018-06-17T19:34:12.264Z"}
{"level":"info","message":"connected to mongodb","timestamp":"2018-06-17T19:34:12.361Z"}
{"level":"info","message":"morgan enabled...","timestamp":"2018-06-17T19:35:22.672Z"}
{"level":"info","message":"Application name: eCommerce - Development","timestamp":"2018-06-17T19:35:22.687Z"}
{"level":"info","message":"Server is listening at port: 3000","timestamp":"2018-06-17T19:35:22.696Z"}
{"level":"info","message":"connected to mongodb","timestamp":"2018-06-17T19:35:22.789Z"}
{"level":"info","message":"morgan enabled...","timestamp":"2018-06-17T19:35:56.090Z"}
{"level":"info","message":"Application name: eCommerce - Development","timestamp":"2018-06-17T19:35:56.110Z"}
{"level":"info","message":"Server is listening at port: 3000","timestamp":"2018-06-17T19:35:56.119Z"}
{"level":"info","message":"connected to mongodb","timestamp":"2018-06-17T19:35:56.208Z"}
{"level":"info","message":"morgan enabled...","timestamp":"2018-06-17T19:36:10.291Z"}
{"level":"info","message":"Application name: eCommerce - Development","timestamp":"2018-06-17T19:36:10.311Z"}
{"level":"info","message":"Server is listening at port: 3000","timestamp":"2018-06-17T19:36:10.318Z"}
{"level":"info","message":"connected to mongodb","timestamp":"2018-06-17T19:36:10.405Z"}
{"level":"info","message":"morgan enabled...","timestamp":"2018-06-17T19:36:28.590Z"}
{"level":"info","message":"Application name: eCommerce - Development","timestamp":"2018-06-17T19:36:28.605Z"}
{"level":"info","message":"Server is listening at port: 3000","timestamp":"2018-06-17T19:36:28.615Z"}
{"level":"info","message":"connected to mongodb","timestamp":"2018-06-17T19:36:28.713Z"}
{"message":"Cannot read property 'path' of undefined","stack":"TypeError: Cannot read property 'path' of undefined\n    at exports.addProduct (/home/umesh/eComm/api/model/product.model.js:36:32)\n    at newFn (/home/umesh/eComm/node_modules/express-async-errors/index.js:25:20)\n    at Layer.handle [as handle_request] (/home/umesh/eComm/node_modules/express/lib/router/layer.js:95:5)\n    at next (/home/umesh/eComm/node_modules/express/lib/router/route.js:137:13)\n    at Immediate.<anonymous> (/home/umesh/eComm/node_modules/multer/lib/make-middleware.js:53:37)\n    at runCallback (timers.js:697:11)\n    at tryOnImmediate (timers.js:667:5)\n    at processImmediate (timers.js:649:5)","level":"error","timestamp":"2018-06-17T19:36:36.784Z"}
{"level":"info","message":"morgan enabled...","timestamp":"2018-06-17T19:36:58.454Z"}
{"level":"info","message":"Application name: eCommerce - Development","timestamp":"2018-06-17T19:36:58.472Z"}
{"level":"info","message":"Server is listening at port: 3000","timestamp":"2018-06-17T19:36:58.478Z"}
{"level":"info","message":"connected to mongodb","timestamp":"2018-06-17T19:36:58.556Z"}
{"message":"Cannot read property 'path' of undefined","stack":"TypeError: Cannot read property 'path' of undefined\n    at exports.addProduct (/home/umesh/eComm/api/model/product.model.js:36:32)\n    at newFn (/home/umesh/eComm/node_modules/express-async-errors/index.js:25:20)\n    at Layer.handle [as handle_request] (/home/umesh/eComm/node_modules/express/lib/router/layer.js:95:5)\n    at next (/home/umesh/eComm/node_modules/express/lib/router/route.js:137:13)\n    at Immediate.<anonymous> (/home/umesh/eComm/node_modules/multer/lib/make-middleware.js:53:37)\n    at runCallback (timers.js:697:11)\n    at tryOnImmediate (timers.js:667:5)\n    at processImmediate (timers.js:649:5)","level":"error","timestamp":"2018-06-17T19:37:01.332Z"}
{"level":"info","message":"morgan enabled...","timestamp":"2018-06-17T19:37:21.589Z"}
{"level":"info","message":"Application name: eCommerce - Development","timestamp":"2018-06-17T19:37:21.611Z"}
{"level":"info","message":"Server is listening at port: 3000","timestamp":"2018-06-17T19:37:21.619Z"}
{"level":"info","message":"connected to mongodb","timestamp":"2018-06-17T19:37:21.712Z"}
{"level":"info","message":"morgan enabled...","timestamp":"2018-06-17T19:38:30.532Z"}
{"level":"info","message":"Application name: eCommerce - Development","timestamp":"2018-06-17T19:38:30.553Z"}
{"level":"info","message":"Server is listening at port: 3000","timestamp":"2018-06-17T19:38:30.562Z"}
{"level":"info","message":"connected to mongodb","timestamp":"2018-06-17T19:38:30.661Z"}
